<?xml version="1.0" encoding="UTF-8"?>
<testng-results ignored="0" total="1" passed="1" failed="0" skipped="0">
  <reporter-output>
  </reporter-output>
  <suite started-at="2022-11-17T12:26:04 IST" name="Suite" finished-at="2022-11-17T12:26:50 IST" duration-ms="45588">
    <groups>
      <group name="cucumber">
        <method signature="Fbrunner.feature(cucumber.api.testng.CucumberFeatureWrapper)[pri:0, instance:Runner.Fbrunner@730d2164]" name="feature" class="Runner.Fbrunner"/>
      </group> <!-- cucumber -->
    </groups>
    <test started-at="2022-11-17T12:26:04 IST" name="Test" finished-at="2022-11-17T12:26:50 IST" duration-ms="45588">
      <class name="Runner.Fbrunner">
        <test-method is-config="true" signature="setup()[pri:0, instance:Runner.Fbrunner@730d2164]" started-at="2022-11-17T12:26:04 IST" name="setup" finished-at="2022-11-17T12:26:05 IST" duration-ms="409" status="PASS">
          <reporter-output>
          </reporter-output>
        </test-method> <!-- setup -->
        <test-method signature="feature(cucumber.api.testng.CucumberFeatureWrapper)[pri:0, instance:Runner.Fbrunner@730d2164]" started-at="2022-11-17T12:26:05 IST" name="feature" description="Run cucumber feature" data-provider="features" finished-at="2022-11-17T12:26:50 IST" duration-ms="44976" status="PASS">
          <params>
            <param index="0">
              <value>
                <![CDATA[Facebook]]>
              </value>
            </param>
          </params>
          <reporter-output>
          </reporter-output>
        </test-method> <!-- feature -->
        <test-method is-config="true" signature="teardown()[pri:0, instance:Runner.Fbrunner@730d2164]" started-at="2022-11-17T12:26:50 IST" name="teardown" finished-at="2022-11-17T12:26:50 IST" duration-ms="4" status="PASS">
          <reporter-output>
          </reporter-output>
        </test-method> <!-- teardown -->
      </class> <!-- Runner.Fbrunner -->
    </test> <!-- Test -->
  </suite> <!-- Suite -->
</testng-results>
